<?xml version="1.0" encoding="UTF-8"?>
<!-- Generated by org.testng.reporters.JUnitReportReporter -->
<testsuite hostname="DESKTOP-1SQJE91" name="test.testbaidu" tests="1" failures="0" timestamp="20 Mar 2019 00:59:44 GMT" time="6.624" errors="0">
  <testcase name="test" time="6.624" classname="test.testbaidu"/>
</testsuite> <!-- test.testbaidu -->
